\BOOKMARK [1][-]{section.1}{Summary}{}% 1
\BOOKMARK [1][-]{section.2}{Introduction}{}% 2
\BOOKMARK [1][-]{section.3}{Julia}{}% 3
\BOOKMARK [2][-]{subsection.3.1}{Syntax}{section.3}% 4
\BOOKMARK [2][-]{subsection.3.2}{Features}{section.3}% 5
\BOOKMARK [3][-]{subsubsection.3.2.1}{Dynamic typing and byte-related memory management}{subsection.3.2}% 6
\BOOKMARK [3][-]{subsubsection.3.2.2}{Multiple dispatch}{subsection.3.2}% 7
\BOOKMARK [3][-]{subsubsection.3.2.3}{User defined types}{subsection.3.2}% 8
\BOOKMARK [3][-]{subsubsection.3.2.4}{Garbage Collector}{subsection.3.2}% 9
\BOOKMARK [3][-]{subsubsection.3.2.5}{Built-in package manager}{subsection.3.2}% 10
\BOOKMARK [3][-]{subsubsection.3.2.6}{Lightweight green threading}{subsection.3.2}% 11
\BOOKMARK [3][-]{subsubsection.3.2.7}{Meta-programming and Macros}{subsection.3.2}% 12
\BOOKMARK [3][-]{subsubsection.3.2.8}{Implementing code from other languages}{subsection.3.2}% 13
\BOOKMARK [3][-]{subsubsection.3.2.9}{Designed for parallelism and distributed computation}{subsection.3.2}% 14
\BOOKMARK [3][-]{subsubsection.3.2.10}{Supports Unicode}{subsection.3.2}% 15
\BOOKMARK [3][-]{subsubsection.3.2.11}{Devectorized code is fast}{subsection.3.2}% 16
\BOOKMARK [1][-]{section.4}{Project Euler}{}% 17
\BOOKMARK [1][-]{section.5}{Experimental evaluation}{}% 18
\BOOKMARK [2][-]{subsection.5.1}{Benchmarking}{section.5}% 19
\BOOKMARK [2][-]{subsection.5.2}{Profiling}{section.5}% 20
\BOOKMARK [2][-]{subsection.5.3}{Time measurement}{section.5}% 21
\BOOKMARK [1][-]{section.6}{Materials and methods}{}% 22
\BOOKMARK [2][-]{subsection.6.1}{Benchmarking}{section.6}% 23
\BOOKMARK [1][-]{section.7}{Problems}{}% 24
\BOOKMARK [2][-]{subsection.7.1}{Projecteuler 11}{section.7}% 25
\BOOKMARK [3][-]{subsubsection.7.1.1}{Solution}{subsection.7.1}% 26
